<?xml version="1.0" encoding="UTF-8" ?>
<testsuite tests="1" failures="0" name="Runner.TestRunner" time="195.328" errors="1" skipped="0">
  <properties>
[...]
</properties>
  <testcase classname="Inward Payment flow feature" name="Inward Payment flow" time="195.328">
    <error message="no such element: Unable to locate element: {&quot;method&quot;:&quot;name&quot;,&quot;selector&quot;:&quot;content(periodValueDate)&quot;}
  (Session info: chrome=87.0.4280.88)
  (Driver info: chromedriver=2.35.528161 (5b82f2d2aae0ca24b877009200ced9065a772e73),platform=Windows NT 6.3.9600 x86_64) (WARNING: The server did not provide any stacktrace information)
Command duration or timeout: 0 milliseconds
For documentation on this error, please visit: https://selenium.dev/exceptions/#no_such_element
Build info: version: &apos;4.0.0-alpha-4&apos;, revision: &apos;c2d955b49e&apos;
System info: host: &apos;SUVARNA&apos;, ip: &apos;192.168.0.5&apos;, os.name: &apos;Windows 8.1&apos;, os.arch: &apos;amd64&apos;, os.version: &apos;6.3&apos;, java.version: &apos;1.8.0_201&apos;
Driver info: org.openqa.selenium.chrome.ChromeDriver
Capabilities {acceptInsecureCerts: false, acceptSslCerts: false, applicationCacheEnabled: false, browserConnectionEnabled: false, browserName: chrome, chrome: {chromedriverVersion: 2.35.528161 (5b82f2d2aae0ca..., userDataDir: C:\Users\MONTRAN\AppData\Lo...}, cssSelectorsEnabled: true, databaseEnabled: false, handlesAlerts: true, hasTouchScreen: false, javascriptEnabled: true, locationContextEnabled: true, mobileEmulationEnabled: false, nativeEvents: true, networkConnectionEnabled: false, pageLoadStrategy: normal, platform: XP, platformName: XP, rotatable: false, setWindowRect: true, takesHeapSnapshot: true, takesScreenshot: true, unexpectedAlertBehaviour: , unhandledPromptBehavior: , version: 87.0.4280.88, webStorageEnabled: true}
Session ID: 1a5e514757a8daeab2d19decedf9552a
*** Element info: {Using=name, value=content(periodValueDate)}" type="org.openqa.selenium.NoSuchElementException">org.openqa.selenium.NoSuchElementException: no such element: Unable to locate element: {&quot;method&quot;:&quot;name&quot;,&quot;selector&quot;:&quot;content(periodValueDate)&quot;}
  (Session info: chrome=87.0.4280.88)
  (Driver info: chromedriver=2.35.528161 (5b82f2d2aae0ca24b877009200ced9065a772e73),platform=Windows NT 6.3.9600 x86_64) (WARNING: The server did not provide any stacktrace information)
Command duration or timeout: 0 milliseconds
For documentation on this error, please visit: https://selenium.dev/exceptions/#no_such_element
Build info: version: &apos;4.0.0-alpha-4&apos;, revision: &apos;c2d955b49e&apos;
System info: host: &apos;SUVARNA&apos;, ip: &apos;192.168.0.5&apos;, os.name: &apos;Windows 8.1&apos;, os.arch: &apos;amd64&apos;, os.version: &apos;6.3&apos;, java.version: &apos;1.8.0_201&apos;
Driver info: org.openqa.selenium.chrome.ChromeDriver
Capabilities {acceptInsecureCerts: false, acceptSslCerts: false, applicationCacheEnabled: false, browserConnectionEnabled: false, browserName: chrome, chrome: {chromedriverVersion: 2.35.528161 (5b82f2d2aae0ca..., userDataDir: C:\Users\MONTRAN\AppData\Lo...}, cssSelectorsEnabled: true, databaseEnabled: false, handlesAlerts: true, hasTouchScreen: false, javascriptEnabled: true, locationContextEnabled: true, mobileEmulationEnabled: false, nativeEvents: true, networkConnectionEnabled: false, pageLoadStrategy: normal, platform: XP, platformName: XP, rotatable: false, setWindowRect: true, takesHeapSnapshot: true, takesScreenshot: true, unexpectedAlertBehaviour: , unhandledPromptBehavior: , version: 87.0.4280.88, webStorageEnabled: true}
Session ID: 1a5e514757a8daeab2d19decedf9552a
*** Element info: {Using=name, value=content(periodValueDate)}
	at sun.reflect.NativeConstructorAccessorImpl.newInstance0(Native Method)
	at sun.reflect.NativeConstructorAccessorImpl.newInstance(NativeConstructorAccessorImpl.java:62)
	at sun.reflect.DelegatingConstructorAccessorImpl.newInstance(DelegatingConstructorAccessorImpl.java:45)
	at java.lang.reflect.Constructor.newInstance(Constructor.java:423)
	at org.openqa.selenium.remote.ErrorHandler.createThrowable(ErrorHandler.java:217)
	at org.openqa.selenium.remote.ErrorHandler.throwIfResponseFailed(ErrorHandler.java:169)
	at org.openqa.selenium.remote.codec.jwp.JsonHttpResponseCodec.reconstructValue(JsonHttpResponseCodec.java:41)
	at org.openqa.selenium.remote.codec.AbstractHttpResponseCodec.decode(AbstractHttpResponseCodec.java:83)
	at org.openqa.selenium.remote.codec.AbstractHttpResponseCodec.decode(AbstractHttpResponseCodec.java:47)
	at org.openqa.selenium.remote.HttpCommandExecutor.execute(HttpCommandExecutor.java:161)
	at org.openqa.selenium.remote.service.DriverCommandExecutor.execute(DriverCommandExecutor.java:83)
	at org.openqa.selenium.remote.RemoteWebDriver.execute(RemoteWebDriver.java:582)
	at org.openqa.selenium.remote.RemoteWebDriver.findElement(RemoteWebDriver.java:333)
	at org.openqa.selenium.remote.RemoteWebDriver.findElementByName(RemoteWebDriver.java:421)
	at org.openqa.selenium.By$ByName.findElement(By.java:311)
	at org.openqa.selenium.remote.RemoteWebDriver.findElement(RemoteWebDriver.java:325)
	at org.openqa.selenium.support.pagefactory.DefaultElementLocator.findElement(DefaultElementLocator.java:70)
	at org.openqa.selenium.support.pagefactory.internal.LocatingElementHandler.invoke(LocatingElementHandler.java:39)
	at com.sun.proxy.$Proxy19.getTagName(Unknown Source)
	at org.openqa.selenium.support.ui.Select.&lt;init&gt;(Select.java:46)
	at com.tnbc.qa.pages.PaymentFlow.filterScreen(PaymentFlow.java:163)
	at com.tnbc.qa.pages.PaymentFlow.filterwithGpkey(PaymentFlow.java:207)
	at com.tnbc.qa.pages.PaymentFlow.checkInitialPaymentstatus(PaymentFlow.java:216)
	at StepDefinition.InwardPaymentFlowStepDefinition.validate_whether_payment_move_to_QueuedToAccountVerification_status_using(InwardPaymentFlowStepDefinition.java:42)
	at ✽.validate whether payment move to QueuedToAccountVerification status using &quot;&quot;,&quot;ACH CHEQUE RECEIVE&quot;,&quot;Cheque No&quot;,&quot;EQUAL&quot;,&quot;50000084&quot;,&quot;&quot;,&quot;&lt;gpkey&gt;&quot;(file:src/test/resources/Features/TC14-InwardPaymentFlow.feature:6)
</error>
    <system-out>Feature: Inward Payment flow feature

  @TC_14_02_PositiveInwardFlow
  Scenario Outline: Inward Payment flow # src/test/resources/Features/TC14-InwardPaymentFlow.feature:5
    Then validate whether payment move to QueuedToAccountVerification status using &quot;&lt;ValueDateperiod&gt;&quot;,&quot;&lt;PaymentType&gt;&quot;,&quot;&lt;Reference&gt;&quot;,&quot;&lt;SubRef&gt;&quot;,&quot;&lt;ChequeNo&gt;&quot;,&quot;&lt;AccountNumber&gt;&quot;,&quot;&lt;gpkey&gt;&quot;
    Then validate whether payment move to SignatureCheck status using &quot;&lt;ValueDateperiod&gt;&quot;,&quot;&lt;PaymentType&gt;&quot;,&quot;&lt;Reference&gt;&quot;,&quot;&lt;SubRef&gt;&quot;,&quot;&lt;ChequeNo&gt;&quot;,&quot;&lt;AccountNumber&gt;&quot;
    Then validate whether payment move to SignatureCheckApprove using &quot;&lt;ValueDateperiod&gt;&quot;,&quot;&lt;PaymentType&gt;&quot;,&quot;&lt;Reference&gt;&quot;,&quot;&lt;SubRef&gt;&quot;,&quot;&lt;ChequeNo&gt;&quot;,&quot;&lt;AccountNumber&gt;&quot;
    Then validate whether payment move to QueuedToPosting status using &quot;&lt;ValueDateperiod&gt;&quot;,&quot;&lt;PaymentType&gt;&quot;,&quot;&lt;Reference&gt;&quot;,&quot;&lt;SubRef&gt;&quot;,&quot;&lt;ChequeNo&gt;&quot;,&quot;&lt;AccountNumber&gt;&quot;
    Then validate whether payment move to Completed using &quot;&lt;ValueDateperiod&gt;&quot;,&quot;&lt;PaymentType&gt;&quot;,&quot;&lt;Reference&gt;&quot;,&quot;&lt;SubRef&gt;&quot;,&quot;&lt;ChequeNo&gt;&quot;,&quot;&lt;AccountNumber&gt;&quot;

    Examples: 

  @TC_14_02_PositiveInwardFlow
  Scenario Outline: Inward Payment flow                                                                                                                # src/test/resources/Features/TC14-InwardPaymentFlow.feature:14
ACH_Clearing_File_Input_Server is started
ACH_Clearing_Inward_Payment_Creation_Server is started
File_Routing_Server is started
    Then validate whether payment move to QueuedToAccountVerification status using &quot;&quot;,&quot;ACH CHEQUE RECEIVE&quot;,&quot;Cheque No&quot;,&quot;EQUAL&quot;,&quot;50000084&quot;,&quot;&quot;,&quot;&lt;gpkey&gt;&quot; # InwardPaymentFlowStepDefinition.validate_whether_payment_move_to_QueuedToAccountVerification_status_using(String,String,String,String,String,String,String)
      org.openqa.selenium.NoSuchElementException: no such element: Unable to locate element: {&quot;method&quot;:&quot;name&quot;,&quot;selector&quot;:&quot;content(periodValueDate)&quot;}
  (Session info: chrome=87.0.4280.88)
  (Driver info: chromedriver=2.35.528161 (5b82f2d2aae0ca24b877009200ced9065a772e73),platform=Windows NT 6.3.9600 x86_64) (WARNING: The server did not provide any stacktrace information)
Command duration or timeout: 0 milliseconds
For documentation on this error, please visit: https://selenium.dev/exceptions/#no_such_element
Build info: version: &apos;4.0.0-alpha-4&apos;, revision: &apos;c2d955b49e&apos;
System info: host: &apos;SUVARNA&apos;, ip: &apos;192.168.0.5&apos;, os.name: &apos;Windows 8.1&apos;, os.arch: &apos;amd64&apos;, os.version: &apos;6.3&apos;, java.version: &apos;1.8.0_201&apos;
Driver info: org.openqa.selenium.chrome.ChromeDriver
Capabilities {acceptInsecureCerts: false, acceptSslCerts: false, applicationCacheEnabled: false, browserConnectionEnabled: false, browserName: chrome, chrome: {chromedriverVersion: 2.35.528161 (5b82f2d2aae0ca..., userDataDir: C:\Users\MONTRAN\AppData\Lo...}, cssSelectorsEnabled: true, databaseEnabled: false, handlesAlerts: true, hasTouchScreen: false, javascriptEnabled: true, locationContextEnabled: true, mobileEmulationEnabled: false, nativeEvents: true, networkConnectionEnabled: false, pageLoadStrategy: normal, platform: XP, platformName: XP, rotatable: false, setWindowRect: true, takesHeapSnapshot: true, takesScreenshot: true, unexpectedAlertBehaviour: , unhandledPromptBehavior: , version: 87.0.4280.88, webStorageEnabled: true}
Session ID: 1a5e514757a8daeab2d19decedf9552a
*** Element info: {Using=name, value=content(periodValueDate)}
	at sun.reflect.NativeConstructorAccessorImpl.newInstance0(Native Method)
	at sun.reflect.NativeConstructorAccessorImpl.newInstance(NativeConstructorAccessorImpl.java:62)
	at sun.reflect.DelegatingConstructorAccessorImpl.newInstance(DelegatingConstructorAccessorImpl.java:45)
	at java.lang.reflect.Constructor.newInstance(Constructor.java:423)
	at org.openqa.selenium.remote.ErrorHandler.createThrowable(ErrorHandler.java:217)
	at org.openqa.selenium.remote.ErrorHandler.throwIfResponseFailed(ErrorHandler.java:169)
	at org.openqa.selenium.remote.codec.jwp.JsonHttpResponseCodec.reconstructValue(JsonHttpResponseCodec.java:41)
	at org.openqa.selenium.remote.codec.AbstractHttpResponseCodec.decode(AbstractHttpResponseCodec.java:83)
	at org.openqa.selenium.remote.codec.AbstractHttpResponseCodec.decode(AbstractHttpResponseCodec.java:47)
	at org.openqa.selenium.remote.HttpCommandExecutor.execute(HttpCommandExecutor.java:161)
	at org.openqa.selenium.remote.service.DriverCommandExecutor.execute(DriverCommandExecutor.java:83)
	at org.openqa.selenium.remote.RemoteWebDriver.execute(RemoteWebDriver.java:582)
	at org.openqa.selenium.remote.RemoteWebDriver.findElement(RemoteWebDriver.java:333)
	at org.openqa.selenium.remote.RemoteWebDriver.findElementByName(RemoteWebDriver.java:421)
	at org.openqa.selenium.By$ByName.findElement(By.java:311)
	at org.openqa.selenium.remote.RemoteWebDriver.findElement(RemoteWebDriver.java:325)
	at org.openqa.selenium.support.pagefactory.DefaultElementLocator.findElement(DefaultElementLocator.java:70)
	at org.openqa.selenium.support.pagefactory.internal.LocatingElementHandler.invoke(LocatingElementHandler.java:39)
	at com.sun.proxy.$Proxy19.getTagName(Unknown Source)
	at org.openqa.selenium.support.ui.Select.&lt;init&gt;(Select.java:46)
	at com.tnbc.qa.pages.PaymentFlow.filterScreen(PaymentFlow.java:163)
	at com.tnbc.qa.pages.PaymentFlow.filterwithGpkey(PaymentFlow.java:207)
	at com.tnbc.qa.pages.PaymentFlow.checkInitialPaymentstatus(PaymentFlow.java:216)
	at StepDefinition.InwardPaymentFlowStepDefinition.validate_whether_payment_move_to_QueuedToAccountVerification_status_using(InwardPaymentFlowStepDefinition.java:42)
	at ?.validate whether payment move to QueuedToAccountVerification status using &quot;&quot;,&quot;ACH CHEQUE RECEIVE&quot;,&quot;Cheque No&quot;,&quot;EQUAL&quot;,&quot;50000084&quot;,&quot;&quot;,&quot;&lt;gpkey&gt;&quot;(file:src/test/resources/Features/TC14-InwardPaymentFlow.feature:6)

AFTER SITE
    Then validate whether payment move to SignatureCheck status using &quot;&quot;,&quot;ACH CHEQUE RECEIVE&quot;,&quot;Cheque No&quot;,&quot;EQUAL&quot;,&quot;50000084&quot;,&quot;&quot;                        # InwardPaymentFlowStepDefinition.validate_whether_payment_move_to_SignatureCheck_status_using(String,String,String,String,String,String)
    Then validate whether payment move to SignatureCheckApprove using &quot;&quot;,&quot;ACH CHEQUE RECEIVE&quot;,&quot;Cheque No&quot;,&quot;EQUAL&quot;,&quot;50000084&quot;,&quot;&quot;                        # InwardPaymentFlowStepDefinition.validate_whether_payment_move_to_SignatureCheckApprove_using(String,String,String,String,String,String)
    Then validate whether payment move to QueuedToPosting status using &quot;&quot;,&quot;ACH CHEQUE RECEIVE&quot;,&quot;Cheque No&quot;,&quot;EQUAL&quot;,&quot;50000084&quot;,&quot;&quot;                       # InwardPaymentFlowStepDefinition.validate_whether_payment_move_to_QueuedToPosting_status_using(String,String,String,String,String,String)
    Then validate whether payment move to Completed using &quot;&quot;,&quot;ACH CHEQUE RECEIVE&quot;,&quot;Cheque No&quot;,&quot;EQUAL&quot;,&quot;50000084&quot;,&quot;&quot;                                    # InwardPaymentFlowStepDefinition.validate_whether_payment_move_to_Completed_using(String,String,String,String,String,String)
</system-out>
    <system-err>SLF4J: Failed to load class &quot;org.slf4j.impl.StaticLoggerBinder&quot;.
SLF4J: Defaulting to no-operation (NOP) logger implementation
SLF4J: See http://www.slf4j.org/codes.html#StaticLoggerBinder for further details.
Starting ChromeDriver 2.35.528161 (5b82f2d2aae0ca24b877009200ced9065a772e73) on port 46752
Only local connections are allowed.
Dec 07, 2020 4:32:36 PM org.openqa.selenium.remote.ProtocolHandshake createSession
INFO: Detected dialect: OSS
Starting ChromeDriver 2.35.528161 (5b82f2d2aae0ca24b877009200ced9065a772e73) on port 27814
Only local connections are allowed.
Dec 07, 2020 4:34:31 PM org.openqa.selenium.remote.ProtocolHandshake createSession
INFO: Detected dialect: OSS
</system-err>
  </testcase>
</testsuite>