<?xml version="1.0" encoding="UTF-8" ?>
<testsuite tests="1" failures="0" name="Runner.TestRunner" time="54.74" errors="1" skipped="0">
  <properties>
[...]
</properties>
  <testcase classname="To Test Create User Functionality" name="Create User" time="54.74">
    <error message="Unable to locate element: //input[@class=&apos;btn btn-success&apos;]
For documentation on this error, please visit: https://selenium.dev/exceptions/#no_such_element
Build info: version: &apos;4.0.0-alpha-4&apos;, revision: &apos;c2d955b49e&apos;
System info: host: &apos;SUVARNA&apos;, ip: &apos;192.168.0.5&apos;, os.name: &apos;Windows 8.1&apos;, os.arch: &apos;amd64&apos;, os.version: &apos;6.3&apos;, java.version: &apos;1.8.0_201&apos;
Driver info: org.openqa.selenium.firefox.FirefoxDriver
Capabilities {acceptInsecureCerts: true, browserName: firefox, browserVersion: 83.0, javascriptEnabled: true, moz:accessibilityChecks: false, moz:buildID: 20201112153044, moz:geckodriverVersion: 0.28.0, moz:headless: false, moz:processID: 12416, moz:profile: C:\Users\MONTRAN\AppData\Lo..., moz:shutdownTimeout: 60000, moz:useNonSpecCompliantPointerOrigin: false, moz:webdriverClick: true, pageLoadStrategy: normal, platform: WINDOWS, platformName: WINDOWS, platformVersion: 6.3, rotatable: false, setWindowRect: true, strictFileInteractability: false, timeouts: {implicit: 0, pageLoad: 300000, script: 30000}, unhandledPromptBehavior: dismiss and notify}
Session ID: b4f2229a-fcf0-49e1-8864-92def8f60ccd
*** Element info: {Using=xpath, value=//input[@class=&apos;btn btn-success&apos;]}" type="org.openqa.selenium.NoSuchElementException">org.openqa.selenium.NoSuchElementException: Unable to locate element: //input[@class=&apos;btn btn-success&apos;]
For documentation on this error, please visit: https://selenium.dev/exceptions/#no_such_element
Build info: version: &apos;4.0.0-alpha-4&apos;, revision: &apos;c2d955b49e&apos;
System info: host: &apos;SUVARNA&apos;, ip: &apos;192.168.0.5&apos;, os.name: &apos;Windows 8.1&apos;, os.arch: &apos;amd64&apos;, os.version: &apos;6.3&apos;, java.version: &apos;1.8.0_201&apos;
Driver info: org.openqa.selenium.firefox.FirefoxDriver
Capabilities {acceptInsecureCerts: true, browserName: firefox, browserVersion: 83.0, javascriptEnabled: true, moz:accessibilityChecks: false, moz:buildID: 20201112153044, moz:geckodriverVersion: 0.28.0, moz:headless: false, moz:processID: 12416, moz:profile: C:\Users\MONTRAN\AppData\Lo..., moz:shutdownTimeout: 60000, moz:useNonSpecCompliantPointerOrigin: false, moz:webdriverClick: true, pageLoadStrategy: normal, platform: WINDOWS, platformName: WINDOWS, platformVersion: 6.3, rotatable: false, setWindowRect: true, strictFileInteractability: false, timeouts: {implicit: 0, pageLoad: 300000, script: 30000}, unhandledPromptBehavior: dismiss and notify}
Session ID: b4f2229a-fcf0-49e1-8864-92def8f60ccd
*** Element info: {Using=xpath, value=//input[@class=&apos;btn btn-success&apos;]}
	at sun.reflect.NativeConstructorAccessorImpl.newInstance0(Native Method)
	at sun.reflect.NativeConstructorAccessorImpl.newInstance(NativeConstructorAccessorImpl.java:62)
	at sun.reflect.DelegatingConstructorAccessorImpl.newInstance(DelegatingConstructorAccessorImpl.java:45)
	at java.lang.reflect.Constructor.newInstance(Constructor.java:423)
	at org.openqa.selenium.remote.codec.w3c.W3CHttpResponseCodec.createException(W3CHttpResponseCodec.java:196)
	at org.openqa.selenium.remote.codec.w3c.W3CHttpResponseCodec.decode(W3CHttpResponseCodec.java:129)
	at org.openqa.selenium.remote.codec.w3c.W3CHttpResponseCodec.decode(W3CHttpResponseCodec.java:53)
	at org.openqa.selenium.remote.HttpCommandExecutor.execute(HttpCommandExecutor.java:161)
	at org.openqa.selenium.remote.service.DriverCommandExecutor.execute(DriverCommandExecutor.java:83)
	at org.openqa.selenium.remote.RemoteWebDriver.execute(RemoteWebDriver.java:582)
	at org.openqa.selenium.remote.RemoteWebDriver.findElement(RemoteWebDriver.java:333)
	at org.openqa.selenium.remote.RemoteWebDriver.findElementByXPath(RemoteWebDriver.java:451)
	at org.openqa.selenium.By$ByXPath.findElement(By.java:394)
	at org.openqa.selenium.remote.RemoteWebDriver.findElement(RemoteWebDriver.java:325)
	at org.openqa.selenium.support.pagefactory.DefaultElementLocator.findElement(DefaultElementLocator.java:70)
	at org.openqa.selenium.support.pagefactory.internal.LocatingElementHandler.invoke(LocatingElementHandler.java:39)
	at com.sun.proxy.$Proxy19.click(Unknown Source)
	at com.tnbc.qa.pages.HomePage.createUser(HomePage.java:759)
	at StepDefinition.CreateUserStepDefinition.user_goes_to_administration_and_users_and_click_on_Add_menu(CreateUserStepDefinition.java:25)
	at ✽.user goes to administration and users and click on Add menu(file:src/test/resources/Features/TC09-User.feature:7)
</error>
    <system-out>@RegressionUserMenu
Feature: To Test Create User Functionality

  @TC_09_01_AddUserScenario
  Scenario Outline: Create User # src/test/resources/Features/TC09-User.feature:6
    Given user goes to administration and users and click on Add menu
    And user enters &quot;&lt;UserName&gt;&quot; and &quot;&lt;FullName&gt;&quot; and selects &quot;&lt;Profile&gt;&quot; ,&quot;&lt;AuthMatrix&gt;&quot; and enters &quot;&lt;Password&gt;&quot;  &quot;&lt;Verify Password&gt;&quot; and clicks on Ok button
    Then user goes to Approve screen and approves the record

    Examples: 

  @RegressionUserMenu @TC_09_01_AddUserScenario
  Scenario Outline: Create User                                                                                               # src/test/resources/Features/TC09-User.feature:19
    Given user goes to administration and users and click on Add menu                                                         # CreateUserStepDefinition.user_goes_to_administration_and_users_and_click_on_Add_menu()
      org.openqa.selenium.NoSuchElementException: Unable to locate element: //input[@class=&apos;btn btn-success&apos;]
For documentation on this error, please visit: https://selenium.dev/exceptions/#no_such_element
Build info: version: &apos;4.0.0-alpha-4&apos;, revision: &apos;c2d955b49e&apos;
System info: host: &apos;SUVARNA&apos;, ip: &apos;192.168.0.5&apos;, os.name: &apos;Windows 8.1&apos;, os.arch: &apos;amd64&apos;, os.version: &apos;6.3&apos;, java.version: &apos;1.8.0_201&apos;
Driver info: org.openqa.selenium.firefox.FirefoxDriver
Capabilities {acceptInsecureCerts: true, browserName: firefox, browserVersion: 83.0, javascriptEnabled: true, moz:accessibilityChecks: false, moz:buildID: 20201112153044, moz:geckodriverVersion: 0.28.0, moz:headless: false, moz:processID: 12416, moz:profile: C:\Users\MONTRAN\AppData\Lo..., moz:shutdownTimeout: 60000, moz:useNonSpecCompliantPointerOrigin: false, moz:webdriverClick: true, pageLoadStrategy: normal, platform: WINDOWS, platformName: WINDOWS, platformVersion: 6.3, rotatable: false, setWindowRect: true, strictFileInteractability: false, timeouts: {implicit: 0, pageLoad: 300000, script: 30000}, unhandledPromptBehavior: dismiss and notify}
Session ID: b4f2229a-fcf0-49e1-8864-92def8f60ccd
*** Element info: {Using=xpath, value=//input[@class=&apos;btn btn-success&apos;]}
	at sun.reflect.NativeConstructorAccessorImpl.newInstance0(Native Method)
	at sun.reflect.NativeConstructorAccessorImpl.newInstance(NativeConstructorAccessorImpl.java:62)
	at sun.reflect.DelegatingConstructorAccessorImpl.newInstance(DelegatingConstructorAccessorImpl.java:45)
	at java.lang.reflect.Constructor.newInstance(Constructor.java:423)
	at org.openqa.selenium.remote.codec.w3c.W3CHttpResponseCodec.createException(W3CHttpResponseCodec.java:196)
	at org.openqa.selenium.remote.codec.w3c.W3CHttpResponseCodec.decode(W3CHttpResponseCodec.java:129)
	at org.openqa.selenium.remote.codec.w3c.W3CHttpResponseCodec.decode(W3CHttpResponseCodec.java:53)
	at org.openqa.selenium.remote.HttpCommandExecutor.execute(HttpCommandExecutor.java:161)
	at org.openqa.selenium.remote.service.DriverCommandExecutor.execute(DriverCommandExecutor.java:83)
	at org.openqa.selenium.remote.RemoteWebDriver.execute(RemoteWebDriver.java:582)
	at org.openqa.selenium.remote.RemoteWebDriver.findElement(RemoteWebDriver.java:333)
	at org.openqa.selenium.remote.RemoteWebDriver.findElementByXPath(RemoteWebDriver.java:451)
	at org.openqa.selenium.By$ByXPath.findElement(By.java:394)
	at org.openqa.selenium.remote.RemoteWebDriver.findElement(RemoteWebDriver.java:325)
	at org.openqa.selenium.support.pagefactory.DefaultElementLocator.findElement(DefaultElementLocator.java:70)
	at org.openqa.selenium.support.pagefactory.internal.LocatingElementHandler.invoke(LocatingElementHandler.java:39)
	at com.sun.proxy.$Proxy19.click(Unknown Source)
	at com.tnbc.qa.pages.HomePage.createUser(HomePage.java:759)
	at StepDefinition.CreateUserStepDefinition.user_goes_to_administration_and_users_and_click_on_Add_menu(CreateUserStepDefinition.java:25)
	at ?.user goes to administration and users and click on Add menu(file:src/test/resources/Features/TC09-User.feature:7)

AFTER SITE
    And user enters &quot;Checker5&quot; and &quot;Test User8&quot; and selects &quot;Admin&quot; ,&quot;&quot; and enters &quot;secure&quot;  &quot;secure&quot; and clicks on Ok button # CreateUserStepDefinition.user_enters_and_and_selects_and_enters_and_clicks_on_Ok_button(String,String,String,String,String,String)
    Then user goes to Approve screen and approves the record                                                                  # CreateUserStepDefinition.user_goes_to_Approve_screen_and_approves_the_record()
</system-out>
    <system-err>SLF4J: Failed to load class &quot;org.slf4j.impl.StaticLoggerBinder&quot;.
SLF4J: Defaulting to no-operation (NOP) logger implementation
SLF4J: See http://www.slf4j.org/codes.html#StaticLoggerBinder for further details.
1607342675334	geckodriver	INFO	Listening on 127.0.0.1:36465
1607342677017	mozrunner::runner	INFO	Running command: &quot;C:\\Program Files\\Mozilla Firefox\\firefox.exe&quot; &quot;--marionette&quot; &quot;-foreground&quot; &quot;-no-remote&quot; &quot;-profile&quot; &quot;C:\\Users\\MONTRAN\\AppData\\Local\\Temp\\rust_mozprofileGYbofo&quot;
Can&apos;t find symbol &apos;eglSwapBuffersWithDamageEXT&apos;.
Can&apos;t find symbol &apos;eglSetDamageRegionKHR&apos;.
JavaScript error: resource://gre/modules/XULStore.jsm, line 66: Error: Can&apos;t find profile directory.
console.warn: SearchSettings: &quot;get: No settings file exists, new profile?&quot; (new Error(&quot;&quot;, &quot;(unknown module)&quot;))
1607342694665	Marionette	INFO	Listening on port 55295
1607342694927	Marionette	WARN	TLS certificate errors will be ignored for this session
Dec 07, 2020 5:34:55 PM org.openqa.selenium.remote.ProtocolHandshake createSession
INFO: Detected dialect: W3C
JavaScript error: resource://gre/modules/XULStore.jsm, line 66: Error: Can&apos;t find profile directory.
JavaScript error: resource://gre/modules/XULStore.jsm, line 66: Error: Can&apos;t find profile directory.
JavaScript error: resource://gre/modules/XULStore.jsm, line 66: Error: Can&apos;t find profile directory.
JavaScript error: resource://gre/modules/XULStore.jsm, line 66: Error: Can&apos;t find profile directory.
JavaScript error: resource://gre/modules/XULStore.jsm, line 66: Error: Can&apos;t find profile directory.
JavaScript error: resource://gre/modules/XULStore.jsm, line 66: Error: Can&apos;t find profile directory.
JavaScript warning: http://localhost:7001/EGPS/static/script/utils.js, line 1577: unreachable code after return statement
JavaScript warning: http://localhost:7001/EGPS/static/script/genEvents.js, line 709: unreachable code after return statement
JavaScript warning: http://localhost:7001/EGPS/Blank.do, line 1359: unreachable code after return statement
JavaScript error: http://localhost:7001/EGPS/Blank.do, line 1713: TypeError: $(...).unload is not a function
JavaScript warning: http://localhost:7001/EGPS/Blank.do, line 2007: unreachable code after return statement
JavaScript warning: http://localhost:7001/EGPS/Blank.do, line 2007: unreachable code after return statement
1607342718331	Marionette	INFO	Stopped listening on port 55295
JavaScript error: http://localhost:7001/EGPS/static/script/menuUtils.js?v=2, line 231: NetworkError: A network error occurred.

###!!! [Child][RunMessage] Error: Channel closing: too late to send/recv, messages will be lost


###!!! [Child][MessageChannel::SendAndWait] Error: Channel error: cannot send/recv

</system-err>
  </testcase>
</testsuite>